# JRE version: OpenJDK Runtime Environment (22.0.2+9) (build 22.0.2+9-70)
# Java VM: OpenJDK 64-Bit Server VM (22.0.2+9-70, mixed mode, sharing, tiered, compressed oops, compressed class ptrs, g1 gc, windows-amd64)
GC Precious Log:
 CardTable entry size: 512
 Card Set container configuration: InlinePtr #cards 4 size 8 Array Of Cards #cards 16 size 48 Howl #buckets 8 coarsen threshold 3686 Howl Bitmap #cards 512 size 80 coarsen threshold 460 Card regions per heap region 1 cards per card region 4096
 CPUs: 20 total, 20 available
 Memory: 16051M
 Large Page Support: Disabled
 NUMA Support: Disabled
 Compressed Oops: Enabled (Zero based)
 Heap Region Size: 2M
 Heap Min Capacity: 8M
 Heap Initial Capacity: 252M
 Heap Max Capacity: 4014M
 Pre-touch: Disabled
 Parallel Workers: 15
 Concurrent Workers: 4
 Concurrent Refinement Workers: 15
 Periodic GC: Disabled
Heap:
 garbage-first heap   total reserved 4110336K, committed 311296K, used 79791K [0x0000000705200000, 0x0000000800000000)
  region size 2048K, 5 young (10240K), 1 survivors (2048K)
 Metaspace       used 19678K, committed 20032K, reserved 1114112K
  class space    used 2637K, committed 2816K, reserved 1048576K
GC Heap History (20 events):
Event: 36.298 GC heap before
{Heap before GC invocations=17 (full 0):
 garbage-first heap   total reserved 4110336K, committed 311296K, used 184478K [0x0000000705200000, 0x0000000800000000)
  region size 2048K, 25 young (51200K), 3 survivors (6144K)
 Metaspace       used 19517K, committed 19840K, reserved 1114112K
  class space    used 2631K, committed 2752K, reserved 1048576K
}
Event: 36.302 GC heap after
{Heap after GC invocations=18 (full 0):
 garbage-first heap   total reserved 4110336K, committed 311296K, used 61805K [0x0000000705200000, 0x0000000800000000)
  region size 2048K, 2 young (4096K), 2 survivors (4096K)
 Metaspace       used 19517K, committed 19840K, reserved 1114112K
  class space    used 2631K, committed 2752K, reserved 1048576K
}
Event: 37.608 GC heap before
{Heap before GC invocations=18 (full 0):
 garbage-first heap   total reserved 4110336K, committed 311296K, used 182637K [0x0000000705200000, 0x0000000800000000)
  region size 2048K, 24 young (49152K), 2 survivors (4096K)
 Metaspace       used 19517K, committed 19840K, reserved 1114112K
  class space    used 2631K, committed 2752K, reserved 1048576K
}
Event: 37.611 GC heap after
{Heap after GC invocations=19 (full 0):
 garbage-first heap   total reserved 4110336K, committed 311296K, used 58931K [0x0000000705200000, 0x0000000800000000)
  region size 2048K, 2 young (4096K), 2 survivors (4096K)
 Metaspace       used 19517K, committed 19840K, reserved 1114112K
  class space    used 2631K, committed 2752K, reserved 1048576K
}
Event: 38.937 GC heap before
{Heap before GC invocations=19 (full 0):
 garbage-first heap   total reserved 4110336K, committed 311296K, used 181811K [0x0000000705200000, 0x0000000800000000)
  region size 2048K, 24 young (49152K), 2 survivors (4096K)
 Metaspace       used 19523K, committed 19840K, reserved 1114112K
  class space    used 2631K, committed 2752K, reserved 1048576K
}
Event: 38.939 GC heap after
{Heap after GC invocations=20 (full 0):
 garbage-first heap   total reserved 4110336K, committed 311296K, used 59831K [0x0000000705200000, 0x0000000800000000)
  region size 2048K, 2 young (4096K), 2 survivors (4096K)
 Metaspace       used 19523K, committed 19840K, reserved 1114112K
  class space    used 2631K, committed 2752K, reserved 1048576K
}
Event: 40.265 GC heap before
{Heap before GC invocations=20 (full 0):
 garbage-first heap   total reserved 4110336K, committed 311296K, used 182711K [0x0000000705200000, 0x0000000800000000)
  region size 2048K, 24 young (49152K), 2 survivors (4096K)
 Metaspace       used 19527K, committed 19840K, reserved 1114112K
  class space    used 2631K, committed 2752K, reserved 1048576K
}
Event: 40.268 GC heap after
{Heap after GC invocations=21 (full 0):
 garbage-first heap   total reserved 4110336K, committed 311296K, used 58993K [0x0000000705200000, 0x0000000800000000)
  region size 2048K, 2 young (4096K), 2 survivors (4096K)
 Metaspace       used 19527K, committed 19840K, reserved 1114112K
  class space    used 2631K, committed 2752K, reserved 1048576K
}
Event: 41.579 GC heap before
{Heap before GC invocations=21 (full 0):
 garbage-first heap   total reserved 4110336K, committed 311296K, used 181873K [0x0000000705200000, 0x0000000800000000)
  region size 2048K, 24 young (49152K), 2 survivors (4096K)
 Metaspace       used 19557K, committed 19840K, reserved 1114112K
  class space    used 2631K, committed 2752K, reserved 1048576K
}
Event: 41.582 GC heap after
{Heap after GC invocations=22 (full 0):
 garbage-first heap   total reserved 4110336K, committed 311296K, used 57286K [0x0000000705200000, 0x0000000800000000)
  region size 2048K, 1 young (2048K), 1 survivors (2048K)
 Metaspace       used 19557K, committed 19840K, reserved 1114112K
  class space    used 2631K, committed 2752K, reserved 1048576K
}
Event: 42.905 GC heap before
{Heap before GC invocations=22 (full 0):
 garbage-first heap   total reserved 4110336K, committed 311296K, used 182214K [0x0000000705200000, 0x0000000800000000)
  region size 2048K, 24 young (49152K), 1 survivors (2048K)
 Metaspace       used 19559K, committed 19840K, reserved 1114112K
  class space    used 2631K, committed 2752K, reserved 1048576K
}
Event: 42.908 GC heap after
{Heap after GC invocations=23 (full 0):
 garbage-first heap   total reserved 4110336K, committed 311296K, used 57282K [0x0000000705200000, 0x0000000800000000)
  region size 2048K, 1 young (2048K), 1 survivors (2048K)
 Metaspace       used 19559K, committed 19840K, reserved 1114112K
  class space    used 2631K, committed 2752K, reserved 1048576K
}
Event: 46.915 GC heap before
{Heap before GC invocations=23 (full 0):
 garbage-first heap   total reserved 4110336K, committed 311296K, used 182210K [0x0000000705200000, 0x0000000800000000)
  region size 2048K, 24 young (49152K), 1 survivors (2048K)
 Metaspace       used 19640K, committed 19904K, reserved 1114112K
  class space    used 2631K, committed 2752K, reserved 1048576K
}
Event: 46.918 GC heap after
{Heap after GC invocations=24 (full 0):
 garbage-first heap   total reserved 4110336K, committed 311296K, used 57305K [0x0000000705200000, 0x0000000800000000)
  region size 2048K, 1 young (2048K), 1 survivors (2048K)
 Metaspace       used 19640K, committed 19904K, reserved 1114112K
  class space    used 2631K, committed 2752K, reserved 1048576K
}
Event: 48.240 GC heap before
{Heap before GC invocations=24 (full 0):
 garbage-first heap   total reserved 4110336K, committed 311296K, used 182233K [0x0000000705200000, 0x0000000800000000)
  region size 2048K, 24 young (49152K), 1 survivors (2048K)
 Metaspace       used 19676K, committed 20032K, reserved 1114112K
  class space    used 2636K, committed 2816K, reserved 1048576K
}
Event: 48.241 GC heap after
{Heap after GC invocations=25 (full 0):
 garbage-first heap   total reserved 4110336K, committed 311296K, used 60240K [0x0000000705200000, 0x0000000800000000)
  region size 2048K, 2 young (4096K), 2 survivors (4096K)
 Metaspace       used 19676K, committed 20032K, reserved 1114112K
  class space    used 2636K, committed 2816K, reserved 1048576K
}
Event: 49.495 GC heap before
{Heap before GC invocations=25 (full 0):
 garbage-first heap   total reserved 4110336K, committed 311296K, used 176976K [0x0000000705200000, 0x0000000800000000)
  region size 2048K, 22 young (45056K), 2 survivors (4096K)
 Metaspace       used 19676K, committed 20032K, reserved 1114112K
  class space    used 2636K, committed 2816K, reserved 1048576K
}
Event: 49.497 GC heap after
{Heap after GC invocations=26 (full 0):
 garbage-first heap   total reserved 4110336K, committed 311296K, used 60231K [0x0000000705200000, 0x0000000800000000)
  region size 2048K, 2 young (4096K), 2 survivors (4096K)
 Metaspace       used 19676K, committed 20032K, reserved 1114112K
  class space    used 2636K, committed 2816K, reserved 1048576K
}
Event: 50.821 GC heap before
{Heap before GC invocations=26 (full 0):
 garbage-first heap   total reserved 4110336K, committed 311296K, used 179015K [0x0000000705200000, 0x0000000800000000)
  region size 2048K, 23 young (47104K), 2 survivors (4096K)
 Metaspace       used 19676K, committed 20032K, reserved 1114112K
  class space    used 2636K, committed 2816K, reserved 1048576K
}
Event: 50.823 GC heap after
{Heap after GC invocations=27 (full 0):
 garbage-first heap   total reserved 4110336K, committed 311296K, used 59311K [0x0000000705200000, 0x0000000800000000)
  region size 2048K, 1 young (2048K), 1 survivors (2048K)
 Metaspace       used 19676K, committed 20032K, reserved 1114112K
  class space    used 2636K, committed 2816K, reserved 1048576K
}

