# JRE version: OpenJDK Runtime Environment (22.0.2+9) (build 22.0.2+9-70)
# Java VM: OpenJDK 64-Bit Server VM (22.0.2+9-70, mixed mode, sharing, tiered, compressed oops, compressed class ptrs, g1 gc, windows-amd64)
GC Precious Log:
 CardTable entry size: 512
 Card Set container configuration: InlinePtr #cards 4 size 8 Array Of Cards #cards 16 size 48 Howl #buckets 8 coarsen threshold 3686 Howl Bitmap #cards 512 size 80 coarsen threshold 460 Card regions per heap region 1 cards per card region 4096
 CPUs: 20 total, 20 available
 Memory: 16051M
 Large Page Support: Disabled
 NUMA Support: Disabled
 Compressed Oops: Enabled (Zero based)
 Heap Region Size: 2M
 Heap Min Capacity: 8M
 Heap Initial Capacity: 252M
 Heap Max Capacity: 4014M
 Pre-touch: Disabled
 Parallel Workers: 15
 Concurrent Workers: 4
 Concurrent Refinement Workers: 15
 Periodic GC: Disabled
Heap:
 garbage-first heap   total reserved 4110336K, committed 722944K, used 341529K [0x0000000705200000, 0x0000000800000000)
  region size 2048K, 7 young (14336K), 4 survivors (8192K)
 Metaspace       used 13722K, committed 14016K, reserved 1114112K
  class space    used 1627K, committed 1728K, reserved 1048576K
GC Heap History (20 events):
Event: 5.015 GC heap after
{Heap after GC invocations=3 (full 0):
 garbage-first heap   total reserved 4110336K, committed 258048K, used 86038K [0x0000000705200000, 0x0000000800000000)
  region size 2048K, 3 young (6144K), 3 survivors (6144K)
 Metaspace       used 12700K, committed 12992K, reserved 1114112K
  class space    used 1570K, committed 1664K, reserved 1048576K
}
Event: 5.619 GC heap before
{Heap before GC invocations=3 (full 0):
 garbage-first heap   total reserved 4110336K, committed 258048K, used 159766K [0x0000000705200000, 0x0000000800000000)
  region size 2048K, 24 young (49152K), 3 survivors (6144K)
 Metaspace       used 13045K, committed 13312K, reserved 1114112K
  class space    used 1627K, committed 1728K, reserved 1048576K
}
Event: 5.628 GC heap after
{Heap after GC invocations=4 (full 0):
 garbage-first heap   total reserved 4110336K, committed 258048K, used 46758K [0x0000000705200000, 0x0000000800000000)
  region size 2048K, 6 young (12288K), 6 survivors (12288K)
 Metaspace       used 13045K, committed 13312K, reserved 1114112K
  class space    used 1627K, committed 1728K, reserved 1048576K
}
Event: 5.629 GC heap before
{Heap before GC invocations=4 (full 0):
 garbage-first heap   total reserved 4110336K, committed 258048K, used 48806K [0x0000000705200000, 0x0000000800000000)
  region size 2048K, 6 young (12288K), 6 survivors (12288K)
 Metaspace       used 13045K, committed 13312K, reserved 1114112K
  class space    used 1627K, committed 1728K, reserved 1048576K
}
Event: 5.635 GC heap after
{Heap after GC invocations=5 (full 0):
 garbage-first heap   total reserved 4110336K, committed 258048K, used 45189K [0x0000000705200000, 0x0000000800000000)
  region size 2048K, 4 young (8192K), 4 survivors (8192K)
 Metaspace       used 13045K, committed 13312K, reserved 1114112K
  class space    used 1627K, committed 1728K, reserved 1048576K
}
Event: 6.958 GC heap before
{Heap before GC invocations=5 (full 0):
 garbage-first heap   total reserved 4110336K, committed 258048K, used 204933K [0x0000000705200000, 0x0000000800000000)
  region size 2048K, 46 young (94208K), 4 survivors (8192K)
 Metaspace       used 13084K, committed 13312K, reserved 1114112K
  class space    used 1627K, committed 1728K, reserved 1048576K
}
Event: 6.978 GC heap after
{Heap after GC invocations=6 (full 0):
 garbage-first heap   total reserved 4110336K, committed 258048K, used 94829K [0x0000000705200000, 0x0000000800000000)
  region size 2048K, 6 young (12288K), 6 survivors (12288K)
 Metaspace       used 13084K, committed 13312K, reserved 1114112K
  class space    used 1627K, committed 1728K, reserved 1048576K
}
Event: 7.478 GC heap before
{Heap before GC invocations=6 (full 0):
 garbage-first heap   total reserved 4110336K, committed 258048K, used 158317K [0x0000000705200000, 0x0000000800000000)
  region size 2048K, 23 young (47104K), 6 survivors (12288K)
 Metaspace       used 13120K, committed 13376K, reserved 1114112K
  class space    used 1627K, committed 1728K, reserved 1048576K
}
Event: 7.486 GC heap after
{Heap after GC invocations=7 (full 0):
 garbage-first heap   total reserved 4110336K, committed 258048K, used 43528K [0x0000000705200000, 0x0000000800000000)
  region size 2048K, 4 young (8192K), 4 survivors (8192K)
 Metaspace       used 13120K, committed 13376K, reserved 1114112K
  class space    used 1627K, committed 1728K, reserved 1048576K
}
Event: 8.724 GC heap before
{Heap before GC invocations=7 (full 0):
 garbage-first heap   total reserved 4110336K, committed 258048K, used 201224K [0x0000000705200000, 0x0000000800000000)
  region size 2048K, 44 young (90112K), 4 survivors (8192K)
 Metaspace       used 13184K, committed 13440K, reserved 1114112K
  class space    used 1627K, committed 1728K, reserved 1048576K
}
Event: 8.733 GC heap after
{Heap after GC invocations=8 (full 0):
 garbage-first heap   total reserved 4110336K, committed 722944K, used 89793K [0x0000000705200000, 0x0000000800000000)
  region size 2048K, 4 young (8192K), 4 survivors (8192K)
 Metaspace       used 13184K, committed 13440K, reserved 1114112K
  class space    used 1627K, committed 1728K, reserved 1048576K
}
Event: 12.689 GC heap before
{Heap before GC invocations=8 (full 0):
 garbage-first heap   total reserved 4110336K, committed 722944K, used 573121K [0x0000000705200000, 0x0000000800000000)
  region size 2048K, 124 young (253952K), 4 survivors (8192K)
 Metaspace       used 13358K, committed 13632K, reserved 1114112K
  class space    used 1627K, committed 1728K, reserved 1048576K
}
Event: 12.694 GC heap after
{Heap after GC invocations=9 (full 0):
 garbage-first heap   total reserved 4110336K, committed 722944K, used 253731K [0x0000000705200000, 0x0000000800000000)
  region size 2048K, 4 young (8192K), 4 survivors (8192K)
 Metaspace       used 13358K, committed 13632K, reserved 1114112K
  class space    used 1627K, committed 1728K, reserved 1048576K
}
Event: 13.937 GC heap before
{Heap before GC invocations=9 (full 0):
 garbage-first heap   total reserved 4110336K, committed 722944K, used 409379K [0x0000000705200000, 0x0000000800000000)
  region size 2048K, 44 young (90112K), 4 survivors (8192K)
 Metaspace       used 13385K, committed 13632K, reserved 1114112K
  class space    used 1627K, committed 1728K, reserved 1048576K
}
Event: 13.942 GC heap after
{Heap after GC invocations=10 (full 0):
 garbage-first heap   total reserved 4110336K, committed 722944K, used 89619K [0x0000000705200000, 0x0000000800000000)
  region size 2048K, 5 young (10240K), 5 survivors (10240K)
 Metaspace       used 13385K, committed 13632K, reserved 1114112K
  class space    used 1627K, committed 1728K, reserved 1048576K
}
Event: 13.942 GC heap before
{Heap before GC invocations=10 (full 0):
 garbage-first heap   total reserved 4110336K, committed 722944K, used 91667K [0x0000000705200000, 0x0000000800000000)
  region size 2048K, 5 young (10240K), 5 survivors (10240K)
 Metaspace       used 13385K, committed 13632K, reserved 1114112K
  class space    used 1627K, committed 1728K, reserved 1048576K
}
Event: 13.948 GC heap after
{Heap after GC invocations=11 (full 0):
 garbage-first heap   total reserved 4110336K, committed 722944K, used 15024K [0x0000000705200000, 0x0000000800000000)
  region size 2048K, 5 young (10240K), 5 survivors (10240K)
 Metaspace       used 13385K, committed 13632K, reserved 1114112K
  class space    used 1627K, committed 1728K, reserved 1048576K
}
Event: 19.154 GC heap before
{Heap before GC invocations=11 (full 0):
 garbage-first heap   total reserved 4110336K, committed 722944K, used 654000K [0x0000000705200000, 0x0000000800000000)
  region size 2048K, 163 young (333824K), 5 survivors (10240K)
 Metaspace       used 13722K, committed 14016K, reserved 1114112K
  class space    used 1627K, committed 1728K, reserved 1048576K
}
Event: 19.158 GC heap after
{Heap after GC invocations=12 (full 0):
 garbage-first heap   total reserved 4110336K, committed 722944K, used 333669K [0x0000000705200000, 0x0000000800000000)
  region size 2048K, 5 young (10240K), 5 survivors (10240K)
 Metaspace       used 13722K, committed 14016K, reserved 1114112K
  class space    used 1627K, committed 1728K, reserved 1048576K
}
Event: 19.219 GC heap before
{Heap before GC invocations=13 (full 0):
 garbage-first heap   total reserved 4110336K, committed 722944K, used 339813K [0x0000000705200000, 0x0000000800000000)
  region size 2048K, 8 young (16384K), 5 survivors (10240K)
 Metaspace       used 13722K, committed 14016K, reserved 1114112K
  class space    used 1627K, committed 1728K, reserved 1048576K
}

