# JRE version: OpenJDK Runtime Environment (22.0.2+9) (build 22.0.2+9-70)
# Java VM: OpenJDK 64-Bit Server VM (22.0.2+9-70, mixed mode, sharing, tiered, compressed oops, compressed class ptrs, g1 gc, windows-amd64)
GC Precious Log:
 CardTable entry size: 512
 Card Set container configuration: InlinePtr #cards 4 size 8 Array Of Cards #cards 16 size 48 Howl #buckets 8 coarsen threshold 3686 Howl Bitmap #cards 512 size 80 coarsen threshold 460 Card regions per heap region 1 cards per card region 4096
 CPUs: 20 total, 20 available
 Memory: 16051M
 Large Page Support: Disabled
 NUMA Support: Disabled
 Compressed Oops: Enabled (Zero based)
 Heap Region Size: 2M
 Heap Min Capacity: 8M
 Heap Initial Capacity: 252M
 Heap Max Capacity: 4014M
 Pre-touch: Disabled
 Parallel Workers: 15
 Concurrent Workers: 4
 Concurrent Refinement Workers: 15
 Periodic GC: Disabled
Heap:
 garbage-first heap   total reserved 4110336K, committed 311296K, used 78087K [0x0000000705200000, 0x0000000800000000)
  region size 2048K, 4 young (8192K), 1 survivors (2048K)
 Metaspace       used 19661K, committed 19968K, reserved 1114112K
  class space    used 2635K, committed 2752K, reserved 1048576K
GC Heap History (20 events):
Event: 158.291 GC heap before
{Heap before GC invocations=112 (full 0):
 garbage-first heap   total reserved 4110336K, committed 311296K, used 178188K [0x0000000705200000, 0x0000000800000000)
  region size 2048K, 22 young (45056K), 1 survivors (2048K)
 Metaspace       used 19511K, committed 19840K, reserved 1114112K
  class space    used 2629K, committed 2752K, reserved 1048576K
}
Event: 158.293 GC heap after
{Heap after GC invocations=113 (full 0):
 garbage-first heap   total reserved 4110336K, committed 311296K, used 62354K [0x0000000705200000, 0x0000000800000000)
  region size 2048K, 1 young (2048K), 1 survivors (2048K)
 Metaspace       used 19511K, committed 19840K, reserved 1114112K
  class space    used 2629K, committed 2752K, reserved 1048576K
}
Event: 159.555 GC heap before
{Heap before GC invocations=113 (full 0):
 garbage-first heap   total reserved 4110336K, committed 311296K, used 179090K [0x0000000705200000, 0x0000000800000000)
  region size 2048K, 22 young (45056K), 1 survivors (2048K)
 Metaspace       used 19511K, committed 19840K, reserved 1114112K
  class space    used 2629K, committed 2752K, reserved 1048576K
}
Event: 159.557 GC heap after
{Heap after GC invocations=114 (full 0):
 garbage-first heap   total reserved 4110336K, committed 311296K, used 62352K [0x0000000705200000, 0x0000000800000000)
  region size 2048K, 1 young (2048K), 1 survivors (2048K)
 Metaspace       used 19511K, committed 19840K, reserved 1114112K
  class space    used 2629K, committed 2752K, reserved 1048576K
}
Event: 160.801 GC heap before
{Heap before GC invocations=114 (full 0):
 garbage-first heap   total reserved 4110336K, committed 311296K, used 179088K [0x0000000705200000, 0x0000000800000000)
  region size 2048K, 22 young (45056K), 1 survivors (2048K)
 Metaspace       used 19514K, committed 19840K, reserved 1114112K
  class space    used 2629K, committed 2752K, reserved 1048576K
}
Event: 160.804 GC heap after
{Heap after GC invocations=115 (full 0):
 garbage-first heap   total reserved 4110336K, committed 311296K, used 62354K [0x0000000705200000, 0x0000000800000000)
  region size 2048K, 1 young (2048K), 1 survivors (2048K)
 Metaspace       used 19514K, committed 19840K, reserved 1114112K
  class space    used 2629K, committed 2752K, reserved 1048576K
}
Event: 164.011 GC heap before
{Heap before GC invocations=115 (full 0):
 garbage-first heap   total reserved 4110336K, committed 311296K, used 183186K [0x0000000705200000, 0x0000000800000000)
  region size 2048K, 24 young (49152K), 1 survivors (2048K)
 Metaspace       used 19643K, committed 19968K, reserved 1114112K
  class space    used 2630K, committed 2752K, reserved 1048576K
}
Event: 164.014 GC heap after
{Heap after GC invocations=116 (full 0):
 garbage-first heap   total reserved 4110336K, committed 311296K, used 63772K [0x0000000705200000, 0x0000000800000000)
  region size 2048K, 1 young (2048K), 1 survivors (2048K)
 Metaspace       used 19643K, committed 19968K, reserved 1114112K
  class space    used 2630K, committed 2752K, reserved 1048576K
}
Event: 165.194 GC heap before
{Heap before GC invocations=116 (full 0):
 garbage-first heap   total reserved 4110336K, committed 311296K, used 178460K [0x0000000705200000, 0x0000000800000000)
  region size 2048K, 22 young (45056K), 1 survivors (2048K)
 Metaspace       used 19658K, committed 19968K, reserved 1114112K
  class space    used 2635K, committed 2752K, reserved 1048576K
}
Event: 165.196 GC heap after
{Heap after GC invocations=117 (full 0):
 garbage-first heap   total reserved 4110336K, committed 311296K, used 65800K [0x0000000705200000, 0x0000000800000000)
  region size 2048K, 1 young (2048K), 1 survivors (2048K)
 Metaspace       used 19658K, committed 19968K, reserved 1114112K
  class space    used 2635K, committed 2752K, reserved 1048576K
}
Event: 166.395 GC heap before
{Heap before GC invocations=117 (full 0):
 garbage-first heap   total reserved 4110336K, committed 311296K, used 174344K [0x0000000705200000, 0x0000000800000000)
  region size 2048K, 20 young (40960K), 1 survivors (2048K)
 Metaspace       used 19658K, committed 19968K, reserved 1114112K
  class space    used 2635K, committed 2752K, reserved 1048576K
}
Event: 166.397 GC heap after
{Heap after GC invocations=118 (full 0):
 garbage-first heap   total reserved 4110336K, committed 311296K, used 65792K [0x0000000705200000, 0x0000000800000000)
  region size 2048K, 1 young (2048K), 1 survivors (2048K)
 Metaspace       used 19658K, committed 19968K, reserved 1114112K
  class space    used 2635K, committed 2752K, reserved 1048576K
}
Event: 167.577 GC heap before
{Heap before GC invocations=118 (full 0):
 garbage-first heap   total reserved 4110336K, committed 311296K, used 174336K [0x0000000705200000, 0x0000000800000000)
  region size 2048K, 20 young (40960K), 1 survivors (2048K)
 Metaspace       used 19658K, committed 19968K, reserved 1114112K
  class space    used 2635K, committed 2752K, reserved 1048576K
}
Event: 167.579 GC heap after
{Heap after GC invocations=119 (full 0):
 garbage-first heap   total reserved 4110336K, committed 311296K, used 65797K [0x0000000705200000, 0x0000000800000000)
  region size 2048K, 1 young (2048K), 1 survivors (2048K)
 Metaspace       used 19658K, committed 19968K, reserved 1114112K
  class space    used 2635K, committed 2752K, reserved 1048576K
}
Event: 168.763 GC heap before
{Heap before GC invocations=119 (full 0):
 garbage-first heap   total reserved 4110336K, committed 311296K, used 174341K [0x0000000705200000, 0x0000000800000000)
  region size 2048K, 20 young (40960K), 1 survivors (2048K)
 Metaspace       used 19658K, committed 19968K, reserved 1114112K
  class space    used 2635K, committed 2752K, reserved 1048576K
}
Event: 168.765 GC heap after
{Heap after GC invocations=120 (full 0):
 garbage-first heap   total reserved 4110336K, committed 311296K, used 65778K [0x0000000705200000, 0x0000000800000000)
  region size 2048K, 1 young (2048K), 1 survivors (2048K)
 Metaspace       used 19658K, committed 19968K, reserved 1114112K
  class space    used 2635K, committed 2752K, reserved 1048576K
}
Event: 169.945 GC heap before
{Heap before GC invocations=120 (full 0):
 garbage-first heap   total reserved 4110336K, committed 311296K, used 174322K [0x0000000705200000, 0x0000000800000000)
  region size 2048K, 20 young (40960K), 1 survivors (2048K)
 Metaspace       used 19658K, committed 19968K, reserved 1114112K
  class space    used 2635K, committed 2752K, reserved 1048576K
}
Event: 169.947 GC heap after
{Heap after GC invocations=121 (full 0):
 garbage-first heap   total reserved 4110336K, committed 311296K, used 66678K [0x0000000705200000, 0x0000000800000000)
  region size 2048K, 1 young (2048K), 1 survivors (2048K)
 Metaspace       used 19658K, committed 19968K, reserved 1114112K
  class space    used 2635K, committed 2752K, reserved 1048576K
}
Event: 171.146 GC heap before
{Heap before GC invocations=121 (full 0):
 garbage-first heap   total reserved 4110336K, committed 311296K, used 175222K [0x0000000705200000, 0x0000000800000000)
  region size 2048K, 20 young (40960K), 1 survivors (2048K)
 Metaspace       used 19658K, committed 19968K, reserved 1114112K
  class space    used 2635K, committed 2752K, reserved 1048576K
}
Event: 171.149 GC heap after
{Heap after GC invocations=122 (full 0):
 garbage-first heap   total reserved 4110336K, committed 311296K, used 65799K [0x0000000705200000, 0x0000000800000000)
  region size 2048K, 1 young (2048K), 1 survivors (2048K)
 Metaspace       used 19658K, committed 19968K, reserved 1114112K
  class space    used 2635K, committed 2752K, reserved 1048576K
}

