# JRE version: OpenJDK Runtime Environment (22.0.2+9) (build 22.0.2+9-70)
# Java VM: OpenJDK 64-Bit Server VM (22.0.2+9-70, mixed mode, sharing, tiered, compressed oops, compressed class ptrs, g1 gc, windows-amd64)
GC Precious Log:
 CardTable entry size: 512
 Card Set container configuration: InlinePtr #cards 4 size 8 Array Of Cards #cards 16 size 48 Howl #buckets 8 coarsen threshold 3686 Howl Bitmap #cards 512 size 80 coarsen threshold 460 Card regions per heap region 1 cards per card region 4096
 CPUs: 20 total, 20 available
 Memory: 16051M
 Large Page Support: Disabled
 NUMA Support: Disabled
 Compressed Oops: Enabled (Zero based)
 Heap Region Size: 2M
 Heap Min Capacity: 8M
 Heap Initial Capacity: 252M
 Heap Max Capacity: 4014M
 Pre-touch: Disabled
 Parallel Workers: 15
 Concurrent Workers: 4
 Concurrent Refinement Workers: 15
 Periodic GC: Disabled
Heap:
 garbage-first heap   total reserved 4110336K, committed 311296K, used 94796K [0x0000000705200000, 0x0000000800000000)
  region size 2048K, 7 young (14336K), 1 survivors (2048K)
 Metaspace       used 18978K, committed 19264K, reserved 1114112K
  class space    used 2636K, committed 2752K, reserved 1048576K
GC Heap History (20 events):
Event: 27.256 GC heap before
{Heap before GC invocations=19 (full 0):
 garbage-first heap   total reserved 4110336K, committed 311296K, used 177546K [0x0000000705200000, 0x0000000800000000)
  region size 2048K, 22 young (45056K), 2 survivors (4096K)
 Metaspace       used 18904K, committed 19200K, reserved 1114112K
  class space    used 2635K, committed 2752K, reserved 1048576K
}
Event: 27.259 GC heap after
{Heap after GC invocations=20 (full 0):
 garbage-first heap   total reserved 4110336K, committed 311296K, used 63155K [0x0000000705200000, 0x0000000800000000)
  region size 2048K, 1 young (2048K), 1 survivors (2048K)
 Metaspace       used 18904K, committed 19200K, reserved 1114112K
  class space    used 2635K, committed 2752K, reserved 1048576K
}
Event: 28.457 GC heap before
{Heap before GC invocations=20 (full 0):
 garbage-first heap   total reserved 4110336K, committed 311296K, used 173747K [0x0000000705200000, 0x0000000800000000)
  region size 2048K, 20 young (40960K), 1 survivors (2048K)
 Metaspace       used 18904K, committed 19200K, reserved 1114112K
  class space    used 2635K, committed 2752K, reserved 1048576K
}
Event: 28.460 GC heap after
{Heap after GC invocations=21 (full 0):
 garbage-first heap   total reserved 4110336K, committed 311296K, used 63176K [0x0000000705200000, 0x0000000800000000)
  region size 2048K, 1 young (2048K), 1 survivors (2048K)
 Metaspace       used 18904K, committed 19200K, reserved 1114112K
  class space    used 2635K, committed 2752K, reserved 1048576K
}
Event: 29.703 GC heap before
{Heap before GC invocations=21 (full 0):
 garbage-first heap   total reserved 4110336K, committed 311296K, used 175816K [0x0000000705200000, 0x0000000800000000)
  region size 2048K, 21 young (43008K), 1 survivors (2048K)
 Metaspace       used 18907K, committed 19200K, reserved 1114112K
  class space    used 2635K, committed 2752K, reserved 1048576K
}
Event: 29.706 GC heap after
{Heap after GC invocations=22 (full 0):
 garbage-first heap   total reserved 4110336K, committed 311296K, used 64058K [0x0000000705200000, 0x0000000800000000)
  region size 2048K, 2 young (4096K), 2 survivors (4096K)
 Metaspace       used 18907K, committed 19200K, reserved 1114112K
  class space    used 2635K, committed 2752K, reserved 1048576K
}
Event: 30.891 GC heap before
{Heap before GC invocations=22 (full 0):
 garbage-first heap   total reserved 4110336K, committed 311296K, used 176698K [0x0000000705200000, 0x0000000800000000)
  region size 2048K, 22 young (45056K), 2 survivors (4096K)
 Metaspace       used 18932K, committed 19200K, reserved 1114112K
  class space    used 2635K, committed 2752K, reserved 1048576K
}
Event: 30.895 GC heap after
{Heap after GC invocations=23 (full 0):
 garbage-first heap   total reserved 4110336K, committed 311296K, used 63162K [0x0000000705200000, 0x0000000800000000)
  region size 2048K, 1 young (2048K), 1 survivors (2048K)
 Metaspace       used 18932K, committed 19200K, reserved 1114112K
  class space    used 2635K, committed 2752K, reserved 1048576K
}
Event: 32.152 GC heap before
{Heap before GC invocations=23 (full 0):
 garbage-first heap   total reserved 4110336K, committed 311296K, used 175802K [0x0000000705200000, 0x0000000800000000)
  region size 2048K, 21 young (43008K), 1 survivors (2048K)
 Metaspace       used 18932K, committed 19200K, reserved 1114112K
  class space    used 2635K, committed 2752K, reserved 1048576K
}
Event: 32.154 GC heap after
{Heap after GC invocations=24 (full 0):
 garbage-first heap   total reserved 4110336K, committed 311296K, used 63167K [0x0000000705200000, 0x0000000800000000)
  region size 2048K, 1 young (2048K), 1 survivors (2048K)
 Metaspace       used 18932K, committed 19200K, reserved 1114112K
  class space    used 2635K, committed 2752K, reserved 1048576K
}
Event: 33.337 GC heap before
{Heap before GC invocations=24 (full 0):
 garbage-first heap   total reserved 4110336K, committed 311296K, used 173759K [0x0000000705200000, 0x0000000800000000)
  region size 2048K, 20 young (40960K), 1 survivors (2048K)
 Metaspace       used 18932K, committed 19200K, reserved 1114112K
  class space    used 2635K, committed 2752K, reserved 1048576K
}
Event: 33.339 GC heap after
{Heap after GC invocations=25 (full 0):
 garbage-first heap   total reserved 4110336K, committed 311296K, used 65190K [0x0000000705200000, 0x0000000800000000)
  region size 2048K, 2 young (4096K), 2 survivors (4096K)
 Metaspace       used 18932K, committed 19200K, reserved 1114112K
  class space    used 2635K, committed 2752K, reserved 1048576K
}
Event: 34.582 GC heap before
{Heap before GC invocations=25 (full 0):
 garbage-first heap   total reserved 4110336K, committed 311296K, used 177830K [0x0000000705200000, 0x0000000800000000)
  region size 2048K, 22 young (45056K), 2 survivors (4096K)
 Metaspace       used 18932K, committed 19200K, reserved 1114112K
  class space    used 2635K, committed 2752K, reserved 1048576K
}
Event: 34.584 GC heap after
{Heap after GC invocations=26 (full 0):
 garbage-first heap   total reserved 4110336K, committed 311296K, used 63166K [0x0000000705200000, 0x0000000800000000)
  region size 2048K, 1 young (2048K), 1 survivors (2048K)
 Metaspace       used 18932K, committed 19200K, reserved 1114112K
  class space    used 2635K, committed 2752K, reserved 1048576K
}
Event: 35.783 GC heap before
{Heap before GC invocations=26 (full 0):
 garbage-first heap   total reserved 4110336K, committed 311296K, used 173758K [0x0000000705200000, 0x0000000800000000)
  region size 2048K, 20 young (40960K), 1 survivors (2048K)
 Metaspace       used 18932K, committed 19200K, reserved 1114112K
  class space    used 2635K, committed 2752K, reserved 1048576K
}
Event: 35.785 GC heap after
{Heap after GC invocations=27 (full 0):
 garbage-first heap   total reserved 4110336K, committed 311296K, used 65210K [0x0000000705200000, 0x0000000800000000)
  region size 2048K, 2 young (4096K), 2 survivors (4096K)
 Metaspace       used 18932K, committed 19200K, reserved 1114112K
  class space    used 2635K, committed 2752K, reserved 1048576K
}
Event: 37.031 GC heap before
{Heap before GC invocations=27 (full 0):
 garbage-first heap   total reserved 4110336K, committed 311296K, used 177850K [0x0000000705200000, 0x0000000800000000)
  region size 2048K, 22 young (45056K), 2 survivors (4096K)
 Metaspace       used 18932K, committed 19200K, reserved 1114112K
  class space    used 2635K, committed 2752K, reserved 1048576K
}
Event: 37.033 GC heap after
{Heap after GC invocations=28 (full 0):
 garbage-first heap   total reserved 4110336K, committed 311296K, used 63172K [0x0000000705200000, 0x0000000800000000)
  region size 2048K, 1 young (2048K), 1 survivors (2048K)
 Metaspace       used 18932K, committed 19200K, reserved 1114112K
  class space    used 2635K, committed 2752K, reserved 1048576K
}
Event: 38.226 GC heap before
{Heap before GC invocations=28 (full 0):
 garbage-first heap   total reserved 4110336K, committed 311296K, used 173764K [0x0000000705200000, 0x0000000800000000)
  region size 2048K, 20 young (40960K), 1 survivors (2048K)
 Metaspace       used 18970K, committed 19264K, reserved 1114112K
  class space    used 2635K, committed 2752K, reserved 1048576K
}
Event: 38.227 GC heap after
{Heap after GC invocations=29 (full 0):
 garbage-first heap   total reserved 4110336K, committed 311296K, used 64076K [0x0000000705200000, 0x0000000800000000)
  region size 2048K, 1 young (2048K), 1 survivors (2048K)
 Metaspace       used 18970K, committed 19264K, reserved 1114112K
  class space    used 2635K, committed 2752K, reserved 1048576K
}

